<?xml version="1.0" encoding="UTF-8"?>
<coverage generated="1524096468511" clover="3.2.0">
  <project timestamp="1524096468512" name="All files">
    <metrics statements="50" coveredstatements="38" conditionals="8" coveredconditionals="4" methods="9" coveredmethods="5" elements="67" coveredelements="47" complexity="0" loc="50" ncloc="50" packages="3" files="9" classes="9">
      <package name="db">
        <metrics statements="38" coveredstatements="26" conditionals="8" coveredconditionals="4" methods="8" coveredmethods="4"/>
        <file name="index.js" path="/Users/gregorywilliams1/welp/welp-review/db/index.js">
          <metrics statements="38" coveredstatements="26" conditionals="8" coveredconditionals="4" methods="8" coveredmethods="4"/>
          <line num="1" count="1" type="stmt"/>
          <line num="3" count="1" type="stmt"/>
          <line num="4" count="8" type="stmt"/>
          <line num="5" count="8" type="stmt"/>
          <line num="7" count="8" type="stmt"/>
          <line num="8" count="8" type="stmt"/>
          <line num="9" count="8" type="stmt"/>
          <line num="10" count="8" type="stmt"/>
          <line num="11" count="8" type="cond" truecount="2" falsecount="0"/>
          <line num="12" count="2" type="stmt"/>
          <line num="14" count="6" type="stmt"/>
          <line num="17" count="8" type="stmt"/>
          <line num="18" count="8" type="stmt"/>
          <line num="20" count="8" type="stmt"/>
          <line num="21" count="8" type="cond" truecount="1" falsecount="1"/>
          <line num="22" count="0" type="stmt"/>
          <line num="24" count="8" type="stmt"/>
          <line num="25" count="61" type="stmt"/>
          <line num="26" count="61" type="stmt"/>
          <line num="28" count="61" type="stmt"/>
          <line num="29" count="61" type="cond" truecount="1" falsecount="1"/>
          <line num="30" count="0" type="stmt"/>
          <line num="32" count="61" type="stmt"/>
          <line num="34" count="61" type="stmt"/>
          <line num="36" count="8" type="stmt"/>
          <line num="43" count="1" type="stmt"/>
          <line num="44" count="0" type="stmt"/>
          <line num="45" count="0" type="stmt"/>
          <line num="47" count="0" type="stmt"/>
          <line num="49" count="0" type="stmt"/>
          <line num="50" count="0" type="stmt"/>
          <line num="51" count="0" type="stmt"/>
          <line num="52" count="0" type="stmt"/>
          <line num="55" count="0" type="cond" truecount="0" falsecount="2"/>
          <line num="56" count="0" type="stmt"/>
          <line num="58" count="0" type="stmt"/>
          <line num="65" count="1" type="stmt"/>
          <line num="66" count="1" type="stmt"/>
        </file>
      </package>
      <package name="spec">
        <metrics statements="6" coveredstatements="6" conditionals="0" coveredconditionals="0" methods="1" coveredmethods="1"/>
        <file name="setupTests.js" path="/Users/gregorywilliams1/welp/welp-review/spec/setupTests.js">
          <metrics statements="4" coveredstatements="4" conditionals="0" coveredconditionals="0" methods="0" coveredmethods="0"/>
          <line num="5" count="3" type="stmt"/>
          <line num="7" count="3" type="stmt"/>
          <line num="8" count="3" type="stmt"/>
          <line num="9" count="3" type="stmt"/>
        </file>
        <file name="sum.js" path="/Users/gregorywilliams1/welp/welp-review/spec/sum.js">
          <metrics statements="2" coveredstatements="2" conditionals="0" coveredconditionals="0" methods="1" coveredmethods="1"/>
          <line num="2" count="1" type="stmt"/>
          <line num="4" count="1" type="stmt"/>
        </file>
      </package>
      <package name="spec.data">
        <metrics statements="6" coveredstatements="6" conditionals="0" coveredconditionals="0" methods="0" coveredmethods="0"/>
        <file name="exampleReview.js" path="/Users/gregorywilliams1/welp/welp-review/spec/data/exampleReview.js">
          <metrics statements="1" coveredstatements="1" conditionals="0" coveredconditionals="0" methods="0" coveredmethods="0"/>
          <line num="1" count="1" type="stmt"/>
        </file>
        <file name="exampleReviewKeywordMatch.js" path="/Users/gregorywilliams1/welp/welp-review/spec/data/exampleReviewKeywordMatch.js">
          <metrics statements="1" coveredstatements="1" conditionals="0" coveredconditionals="0" methods="0" coveredmethods="0"/>
          <line num="2" count="1" type="stmt"/>
        </file>
        <file name="exampleReviewSortedDateAsc.js" path="/Users/gregorywilliams1/welp/welp-review/spec/data/exampleReviewSortedDateAsc.js">
          <metrics statements="1" coveredstatements="1" conditionals="0" coveredconditionals="0" methods="0" coveredmethods="0"/>
          <line num="1" count="1" type="stmt"/>
        </file>
        <file name="exampleReviewSortedDateDesc.js" path="/Users/gregorywilliams1/welp/welp-review/spec/data/exampleReviewSortedDateDesc.js">
          <metrics statements="1" coveredstatements="1" conditionals="0" coveredconditionals="0" methods="0" coveredmethods="0"/>
          <line num="1" count="1" type="stmt"/>
        </file>
        <file name="exampleReviewSortedRateAsc.js" path="/Users/gregorywilliams1/welp/welp-review/spec/data/exampleReviewSortedRateAsc.js">
          <metrics statements="1" coveredstatements="1" conditionals="0" coveredconditionals="0" methods="0" coveredmethods="0"/>
          <line num="1" count="1" type="stmt"/>
        </file>
        <file name="exampleReviewSortedRateDesc.js" path="/Users/gregorywilliams1/welp/welp-review/spec/data/exampleReviewSortedRateDesc.js">
          <metrics statements="1" coveredstatements="1" conditionals="0" coveredconditionals="0" methods="0" coveredmethods="0"/>
          <line num="1" count="1" type="stmt"/>
        </file>
      </package>
    </metrics>
  </project>
</coverage>
