{"/Users/gregorywilliams1/welp/welp-review/client/ReviewItem.jsx": {"path":"/Users/gregorywilliams1/welp/welp-review/client/ReviewItem.jsx","statementMap":{"0":{"start":{"line":5,"column":19},"end":{"line":56,"column":1}},"1":{"start":{"line":6,"column":2},"end":{"line":55,"column":7}},"2":{"start":{"line":50,"column":51},"end":{"line":50,"column":98}},"3":{"start":{"line":58,"column":18},"end":{"line":62,"column":1}},"4":{"start":{"line":59,"column":2},"end":{"line":61,"column":6}}},"fnMap":{"0":{"name":"(anonymous_0)","decl":{"start":{"line":5,"column":19},"end":{"line":5,"column":20}},"loc":{"start":{"line":6,"column":2},"end":{"line":55,"column":7}},"line":6},"1":{"name":"(anonymous_1)","decl":{"start":{"line":50,"column":29},"end":{"line":50,"column":30}},"loc":{"start":{"line":50,"column":51},"end":{"line":50,"column":98}},"line":50},"2":{"name":"(anonymous_2)","decl":{"start":{"line":58,"column":18},"end":{"line":58,"column":19}},"loc":{"start":{"line":59,"column":2},"end":{"line":61,"column":6}},"line":59}},"branchMap":{},"s":{"0":1,"1":1,"2":1,"3":1,"4":1},"f":{"0":1,"1":1,"2":1},"b":{},"_coverageSchema":"332fd63041d2c1bcb487cc26dd0d5f7d97098a6c","hash":"ac86c997b4f907e173a7bb9e7462994fc461e56c"}
,"/Users/gregorywilliams1/welp/welp-review/client/ReviewList.jsx": {"path":"/Users/gregorywilliams1/welp/welp-review/client/ReviewList.jsx","statementMap":{"0":{"start":{"line":4,"column":19},"end":{"line":11,"column":1}},"1":{"start":{"line":6,"column":2},"end":{"line":10,"column":8}},"2":{"start":{"line":8,"column":35},"end":{"line":8,"column":81}}},"fnMap":{"0":{"name":"(anonymous_0)","decl":{"start":{"line":4,"column":19},"end":{"line":4,"column":20}},"loc":{"start":{"line":6,"column":2},"end":{"line":10,"column":8}},"line":6},"1":{"name":"(anonymous_1)","decl":{"start":{"line":8,"column":25},"end":{"line":8,"column":26}},"loc":{"start":{"line":8,"column":35},"end":{"line":8,"column":81}},"line":8}},"branchMap":{},"s":{"0":1,"1":2,"2":1},"f":{"0":2,"1":1},"b":{},"_coverageSchema":"332fd63041d2c1bcb487cc26dd0d5f7d97098a6c","hash":"c4f38832b07a35dce0612ac8abf87cf06015a3ea"}
,"/Users/gregorywilliams1/welp/welp-review/client/SearchBar.jsx": {"path":"/Users/gregorywilliams1/welp/welp-review/client/SearchBar.jsx","statementMap":{"0":{"start":{"line":4,"column":18},"end":{"line":23,"column":1}},"1":{"start":{"line":5,"column":2},"end":{"line":22,"column":8}},"2":{"start":{"line":7,"column":161},"end":{"line":7,"column":191}},"3":{"start":{"line":10,"column":74},"end":{"line":10,"column":107}}},"fnMap":{"0":{"name":"(anonymous_0)","decl":{"start":{"line":4,"column":18},"end":{"line":4,"column":19}},"loc":{"start":{"line":5,"column":2},"end":{"line":22,"column":8}},"line":5},"1":{"name":"(anonymous_1)","decl":{"start":{"line":7,"column":150},"end":{"line":7,"column":151}},"loc":{"start":{"line":7,"column":159},"end":{"line":7,"column":193}},"line":7},"2":{"name":"(anonymous_2)","decl":{"start":{"line":10,"column":66},"end":{"line":10,"column":67}},"loc":{"start":{"line":10,"column":72},"end":{"line":10,"column":109}},"line":10}},"branchMap":{},"s":{"0":1,"1":2,"2":0,"3":0},"f":{"0":2,"1":0,"2":0},"b":{},"_coverageSchema":"332fd63041d2c1bcb487cc26dd0d5f7d97098a6c","hash":"960276189c5e2b85f25b0d547bd1f0523ab1e1a6"}
,"/Users/gregorywilliams1/welp/welp-review/client/TopReviewBar.jsx": {"path":"/Users/gregorywilliams1/welp/welp-review/client/TopReviewBar.jsx","statementMap":{"0":{"start":{"line":5,"column":21},"end":{"line":47,"column":1}},"1":{"start":{"line":6,"column":2},"end":{"line":46,"column":8}}},"fnMap":{"0":{"name":"(anonymous_0)","decl":{"start":{"line":5,"column":21},"end":{"line":5,"column":22}},"loc":{"start":{"line":6,"column":2},"end":{"line":46,"column":8}},"line":6}},"branchMap":{},"s":{"0":1,"1":2},"f":{"0":2},"b":{},"_coverageSchema":"332fd63041d2c1bcb487cc26dd0d5f7d97098a6c","hash":"1018b5eb2c83d97bfda2d97c885c5c752ec75f06"}
,"/Users/gregorywilliams1/welp/welp-review/client/VoteButton.jsx": {"path":"/Users/gregorywilliams1/welp/welp-review/client/VoteButton.jsx","statementMap":{"0":{"start":{"line":3,"column":19},"end":{"line":12,"column":1}},"1":{"start":{"line":4,"column":2},"end":{"line":11,"column":7}},"2":{"start":{"line":5,"column":54},"end":{"line":5,"column":94}}},"fnMap":{"0":{"name":"(anonymous_0)","decl":{"start":{"line":3,"column":19},"end":{"line":3,"column":20}},"loc":{"start":{"line":4,"column":2},"end":{"line":11,"column":7}},"line":4},"1":{"name":"(anonymous_1)","decl":{"start":{"line":5,"column":47},"end":{"line":5,"column":48}},"loc":{"start":{"line":5,"column":53},"end":{"line":5,"column":95}},"line":5}},"branchMap":{},"s":{"0":1,"1":3,"2":0},"f":{"0":3,"1":0},"b":{},"_coverageSchema":"332fd63041d2c1bcb487cc26dd0d5f7d97098a6c","hash":"65c3627694f88d4a92ac618213bb4cf9ebe5e866"}
,"/Users/gregorywilliams1/welp/welp-review/client/VotePanel.jsx": {"path":"/Users/gregorywilliams1/welp/welp-review/client/VotePanel.jsx","statementMap":{"0":{"start":{"line":8,"column":4},"end":{"line":8,"column":17}},"1":{"start":{"line":9,"column":4},"end":{"line":9,"column":23}},"2":{"start":{"line":10,"column":4},"end":{"line":10,"column":53}},"3":{"start":{"line":11,"column":4},"end":{"line":11,"column":57}},"4":{"start":{"line":18,"column":24},"end":{"line":18,"column":34}},"5":{"start":{"line":20,"column":14},"end":{"line":20,"column":35}},"6":{"start":{"line":21,"column":4},"end":{"line":24,"column":5}},"7":{"start":{"line":22,"column":6},"end":{"line":22,"column":32}},"8":{"start":{"line":23,"column":6},"end":{"line":23,"column":48}},"9":{"start":{"line":26,"column":16},"end":{"line":26,"column":150}},"10":{"start":{"line":28,"column":23},"end":{"line":28,"column":41}},"11":{"start":{"line":29,"column":21},"end":{"line":29,"column":31}},"12":{"start":{"line":30,"column":25},"end":{"line":30,"column":43}},"13":{"start":{"line":31,"column":23},"end":{"line":31,"column":35}},"14":{"start":{"line":32,"column":24},"end":{"line":32,"column":42}},"15":{"start":{"line":33,"column":22},"end":{"line":33,"column":33}},"16":{"start":{"line":34,"column":26},"end":{"line":34,"column":80}},"17":{"start":{"line":35,"column":4},"end":{"line":38,"column":5}},"18":{"start":{"line":36,"column":6},"end":{"line":36,"column":46}},"19":{"start":{"line":37,"column":6},"end":{"line":37,"column":36}},"20":{"start":{"line":39,"column":27},"end":{"line":39,"column":82}},"21":{"start":{"line":40,"column":4},"end":{"line":43,"column":5}},"22":{"start":{"line":41,"column":6},"end":{"line":41,"column":47}},"23":{"start":{"line":42,"column":6},"end":{"line":42,"column":38}},"24":{"start":{"line":44,"column":28},"end":{"line":44,"column":84}},"25":{"start":{"line":45,"column":4},"end":{"line":48,"column":5}},"26":{"start":{"line":46,"column":6},"end":{"line":46,"column":48}},"27":{"start":{"line":47,"column":6},"end":{"line":47,"column":40}},"28":{"start":{"line":50,"column":23},"end":{"line":50,"column":51}},"29":{"start":{"line":52,"column":4},"end":{"line":67,"column":6}},"30":{"start":{"line":72,"column":18},"end":{"line":72,"column":152}},"31":{"start":{"line":74,"column":26},"end":{"line":74,"column":83}},"32":{"start":{"line":75,"column":27},"end":{"line":75,"column":85}},"33":{"start":{"line":76,"column":28},"end":{"line":76,"column":87}},"34":{"start":{"line":78,"column":21},"end":{"line":78,"column":23}},"35":{"start":{"line":79,"column":4},"end":{"line":87,"column":7}},"36":{"start":{"line":80,"column":8},"end":{"line":80,"column":44}},"37":{"start":{"line":81,"column":13},"end":{"line":87,"column":7}},"38":{"start":{"line":82,"column":8},"end":{"line":82,"column":44}},"39":{"start":{"line":83,"column":13},"end":{"line":87,"column":7}},"40":{"start":{"line":84,"column":8},"end":{"line":84,"column":52}},"41":{"start":{"line":86,"column":8},"end":{"line":86,"column":55}},"42":{"start":{"line":88,"column":6},"end":{"line":88,"column":24}},"43":{"start":{"line":92,"column":12},"end":{"line":92,"column":32}},"44":{"start":{"line":93,"column":4},"end":{"line":95,"column":5}},"45":{"start":{"line":94,"column":8},"end":{"line":94,"column":31}},"46":{"start":{"line":96,"column":4},"end":{"line":100,"column":7}},"47":{"start":{"line":97,"column":16},"end":{"line":97,"column":49}},"48":{"start":{"line":98,"column":8},"end":{"line":98,"column":31}},"49":{"start":{"line":99,"column":8},"end":{"line":99,"column":62}},"50":{"start":{"line":104,"column":4},"end":{"line":104,"column":44}},"51":{"start":{"line":104,"column":31},"end":{"line":104,"column":42}},"52":{"start":{"line":105,"column":4},"end":{"line":109,"column":5}},"53":{"start":{"line":106,"column":6},"end":{"line":108,"column":7}},"54":{"start":{"line":107,"column":8},"end":{"line":107,"column":27}},"55":{"start":{"line":110,"column":4},"end":{"line":110,"column":17}},"56":{"start":{"line":114,"column":4},"end":{"line":114,"column":42}},"57":{"start":{"line":114,"column":30},"end":{"line":114,"column":41}},"58":{"start":{"line":115,"column":4},"end":{"line":115,"column":34}},"59":{"start":{"line":116,"column":4},"end":{"line":116,"column":17}},"60":{"start":{"line":120,"column":20},"end":{"line":120,"column":22}},"61":{"start":{"line":121,"column":4},"end":{"line":163,"column":5}},"62":{"start":{"line":122,"column":6},"end":{"line":134,"column":7}},"63":{"start":{"line":123,"column":8},"end":{"line":123,"column":27}},"64":{"start":{"line":124,"column":18},"end":{"line":124,"column":42}},"65":{"start":{"line":125,"column":8},"end":{"line":125,"column":85}},"66":{"start":{"line":126,"column":19},"end":{"line":126,"column":61}},"67":{"start":{"line":127,"column":8},"end":{"line":127,"column":126}},"68":{"start":{"line":129,"column":8},"end":{"line":129,"column":25}},"69":{"start":{"line":130,"column":18},"end":{"line":130,"column":42}},"70":{"start":{"line":131,"column":8},"end":{"line":131,"column":82}},"71":{"start":{"line":132,"column":19},"end":{"line":132,"column":61}},"72":{"start":{"line":133,"column":8},"end":{"line":133,"column":137}},"73":{"start":{"line":135,"column":11},"end":{"line":163,"column":5}},"74":{"start":{"line":136,"column":6},"end":{"line":148,"column":7}},"75":{"start":{"line":137,"column":8},"end":{"line":137,"column":27}},"76":{"start":{"line":138,"column":18},"end":{"line":138,"column":43}},"77":{"start":{"line":139,"column":8},"end":{"line":139,"column":87}},"78":{"start":{"line":140,"column":19},"end":{"line":140,"column":61}},"79":{"start":{"line":141,"column":8},"end":{"line":141,"column":131}},"80":{"start":{"line":143,"column":8},"end":{"line":143,"column":25}},"81":{"start":{"line":144,"column":18},"end":{"line":144,"column":43}},"82":{"start":{"line":145,"column":8},"end":{"line":145,"column":84}},"83":{"start":{"line":146,"column":19},"end":{"line":146,"column":61}},"84":{"start":{"line":147,"column":8},"end":{"line":147,"column":142}},"85":{"start":{"line":149,"column":11},"end":{"line":163,"column":5}},"86":{"start":{"line":150,"column":6},"end":{"line":162,"column":7}},"87":{"start":{"line":151,"column":8},"end":{"line":151,"column":27}},"88":{"start":{"line":152,"column":18},"end":{"line":152,"column":44}},"89":{"start":{"line":153,"column":8},"end":{"line":153,"column":89}},"90":{"start":{"line":154,"column":19},"end":{"line":154,"column":61}},"91":{"start":{"line":155,"column":8},"end":{"line":155,"column":136}},"92":{"start":{"line":157,"column":8},"end":{"line":157,"column":25}},"93":{"start":{"line":158,"column":18},"end":{"line":158,"column":44}},"94":{"start":{"line":159,"column":8},"end":{"line":159,"column":86}},"95":{"start":{"line":160,"column":19},"end":{"line":160,"column":61}},"96":{"start":{"line":161,"column":8},"end":{"line":161,"column":147}},"97":{"start":{"line":165,"column":4},"end":{"line":170,"column":7}},"98":{"start":{"line":167,"column":23},"end":{"line":167,"column":39}},"99":{"start":{"line":168,"column":26},"end":{"line":168,"column":43}},"100":{"start":{"line":174,"column":4},"end":{"line":174,"column":36}},"101":{"start":{"line":174,"column":27},"end":{"line":174,"column":34}},"102":{"start":{"line":175,"column":4},"end":{"line":175,"column":36}},"103":{"start":{"line":175,"column":27},"end":{"line":175,"column":34}},"104":{"start":{"line":176,"column":12},"end":{"line":178,"column":7}},"105":{"start":{"line":177,"column":6},"end":{"line":177,"column":33}},"106":{"start":{"line":179,"column":4},"end":{"line":179,"column":13}},"107":{"start":{"line":183,"column":4},"end":{"line":183,"column":53}},"108":{"start":{"line":183,"column":38},"end":{"line":183,"column":51}},"109":{"start":{"line":184,"column":16},"end":{"line":184,"column":21}},"110":{"start":{"line":185,"column":4},"end":{"line":185,"column":42}},"111":{"start":{"line":186,"column":4},"end":{"line":186,"column":17}},"112":{"start":{"line":190,"column":4},"end":{"line":203,"column":6}}},"fnMap":{"0":{"name":"(anonymous_0)","decl":{"start":{"line":7,"column":2},"end":{"line":7,"column":3}},"loc":{"start":{"line":7,"column":21},"end":{"line":14,"column":3}},"line":7},"1":{"name":"(anonymous_1)","decl":{"start":{"line":16,"column":2},"end":{"line":16,"column":3}},"loc":{"start":{"line":16,"column":23},"end":{"line":69,"column":3}},"line":16},"2":{"name":"(anonymous_2)","decl":{"start":{"line":71,"column":3},"end":{"line":71,"column":4}},"loc":{"start":{"line":71,"column":30},"end":{"line":89,"column":4}},"line":71},"3":{"name":"(anonymous_3)","decl":{"start":{"line":91,"column":3},"end":{"line":91,"column":4}},"loc":{"start":{"line":91,"column":18},"end":{"line":101,"column":3}},"line":91},"4":{"name":"(anonymous_4)","decl":{"start":{"line":96,"column":67},"end":{"line":96,"column":68}},"loc":{"start":{"line":96,"column":80},"end":{"line":100,"column":5}},"line":96},"5":{"name":"(anonymous_5)","decl":{"start":{"line":103,"column":2},"end":{"line":103,"column":3}},"loc":{"start":{"line":103,"column":20},"end":{"line":111,"column":3}},"line":103},"6":{"name":"(anonymous_6)","decl":{"start":{"line":113,"column":2},"end":{"line":113,"column":3}},"loc":{"start":{"line":113,"column":17},"end":{"line":117,"column":3}},"line":113},"7":{"name":"(anonymous_7)","decl":{"start":{"line":119,"column":2},"end":{"line":119,"column":3}},"loc":{"start":{"line":119,"column":38},"end":{"line":171,"column":3}},"line":119},"8":{"name":"(anonymous_8)","decl":{"start":{"line":167,"column":13},"end":{"line":167,"column":14}},"loc":{"start":{"line":167,"column":22},"end":{"line":167,"column":40}},"line":167},"9":{"name":"(anonymous_9)","decl":{"start":{"line":168,"column":15},"end":{"line":168,"column":16}},"loc":{"start":{"line":168,"column":25},"end":{"line":168,"column":44}},"line":168},"10":{"name":"(anonymous_10)","decl":{"start":{"line":173,"column":2},"end":{"line":173,"column":3}},"loc":{"start":{"line":173,"column":20},"end":{"line":180,"column":3}},"line":173},"11":{"name":"(anonymous_11)","decl":{"start":{"line":176,"column":30},"end":{"line":176,"column":31}},"loc":{"start":{"line":176,"column":46},"end":{"line":178,"column":5}},"line":176},"12":{"name":"(anonymous_12)","decl":{"start":{"line":182,"column":2},"end":{"line":182,"column":3}},"loc":{"start":{"line":182,"column":39},"end":{"line":187,"column":3}},"line":182},"13":{"name":"(anonymous_13)","decl":{"start":{"line":189,"column":2},"end":{"line":189,"column":3}},"loc":{"start":{"line":189,"column":11},"end":{"line":204,"column":3}},"line":189}},"branchMap":{"0":{"loc":{"start":{"line":21,"column":4},"end":{"line":24,"column":5}},"type":"if","locations":[{"start":{"line":21,"column":4},"end":{"line":24,"column":5}},{"start":{"line":21,"column":4},"end":{"line":24,"column":5}}],"line":21},"1":{"loc":{"start":{"line":35,"column":4},"end":{"line":38,"column":5}},"type":"if","locations":[{"start":{"line":35,"column":4},"end":{"line":38,"column":5}},{"start":{"line":35,"column":4},"end":{"line":38,"column":5}}],"line":35},"2":{"loc":{"start":{"line":40,"column":4},"end":{"line":43,"column":5}},"type":"if","locations":[{"start":{"line":40,"column":4},"end":{"line":43,"column":5}},{"start":{"line":40,"column":4},"end":{"line":43,"column":5}}],"line":40},"3":{"loc":{"start":{"line":45,"column":4},"end":{"line":48,"column":5}},"type":"if","locations":[{"start":{"line":45,"column":4},"end":{"line":48,"column":5}},{"start":{"line":45,"column":4},"end":{"line":48,"column":5}}],"line":45},"4":{"loc":{"start":{"line":79,"column":4},"end":{"line":87,"column":7}},"type":"if","locations":[{"start":{"line":79,"column":4},"end":{"line":87,"column":7}},{"start":{"line":79,"column":4},"end":{"line":87,"column":7}}],"line":79},"5":{"loc":{"start":{"line":79,"column":8},"end":{"line":79,"column":58}},"type":"binary-expr","locations":[{"start":{"line":79,"column":8},"end":{"line":79,"column":21}},{"start":{"line":79,"column":25},"end":{"line":79,"column":39}},{"start":{"line":79,"column":43},"end":{"line":79,"column":58}}],"line":79},"6":{"loc":{"start":{"line":81,"column":13},"end":{"line":87,"column":7}},"type":"if","locations":[{"start":{"line":81,"column":13},"end":{"line":87,"column":7}},{"start":{"line":81,"column":13},"end":{"line":87,"column":7}}],"line":81},"7":{"loc":{"start":{"line":83,"column":13},"end":{"line":87,"column":7}},"type":"if","locations":[{"start":{"line":83,"column":13},"end":{"line":87,"column":7}},{"start":{"line":83,"column":13},"end":{"line":87,"column":7}}],"line":83},"8":{"loc":{"start":{"line":93,"column":4},"end":{"line":95,"column":5}},"type":"if","locations":[{"start":{"line":93,"column":4},"end":{"line":95,"column":5}},{"start":{"line":93,"column":4},"end":{"line":95,"column":5}}],"line":93},"9":{"loc":{"start":{"line":93,"column":8},"end":{"line":93,"column":83}},"type":"binary-expr","locations":[{"start":{"line":93,"column":8},"end":{"line":93,"column":42}},{"start":{"line":93,"column":46},"end":{"line":93,"column":83}}],"line":93},"10":{"loc":{"start":{"line":99,"column":16},"end":{"line":99,"column":47}},"type":"cond-expr","locations":[{"start":{"line":99,"column":28},"end":{"line":99,"column":29}},{"start":{"line":99,"column":33},"end":{"line":99,"column":46}}],"line":99},"11":{"loc":{"start":{"line":104,"column":4},"end":{"line":104,"column":44}},"type":"if","locations":[{"start":{"line":104,"column":4},"end":{"line":104,"column":44}},{"start":{"line":104,"column":4},"end":{"line":104,"column":44}}],"line":104},"12":{"loc":{"start":{"line":106,"column":6},"end":{"line":108,"column":7}},"type":"if","locations":[{"start":{"line":106,"column":6},"end":{"line":108,"column":7}},{"start":{"line":106,"column":6},"end":{"line":108,"column":7}}],"line":106},"13":{"loc":{"start":{"line":114,"column":4},"end":{"line":114,"column":42}},"type":"if","locations":[{"start":{"line":114,"column":4},"end":{"line":114,"column":42}},{"start":{"line":114,"column":4},"end":{"line":114,"column":42}}],"line":114},"14":{"loc":{"start":{"line":121,"column":4},"end":{"line":163,"column":5}},"type":"if","locations":[{"start":{"line":121,"column":4},"end":{"line":163,"column":5}},{"start":{"line":121,"column":4},"end":{"line":163,"column":5}}],"line":121},"15":{"loc":{"start":{"line":122,"column":6},"end":{"line":134,"column":7}},"type":"if","locations":[{"start":{"line":122,"column":6},"end":{"line":134,"column":7}},{"start":{"line":122,"column":6},"end":{"line":134,"column":7}}],"line":122},"16":{"loc":{"start":{"line":135,"column":11},"end":{"line":163,"column":5}},"type":"if","locations":[{"start":{"line":135,"column":11},"end":{"line":163,"column":5}},{"start":{"line":135,"column":11},"end":{"line":163,"column":5}}],"line":135},"17":{"loc":{"start":{"line":136,"column":6},"end":{"line":148,"column":7}},"type":"if","locations":[{"start":{"line":136,"column":6},"end":{"line":148,"column":7}},{"start":{"line":136,"column":6},"end":{"line":148,"column":7}}],"line":136},"18":{"loc":{"start":{"line":149,"column":11},"end":{"line":163,"column":5}},"type":"if","locations":[{"start":{"line":149,"column":11},"end":{"line":163,"column":5}},{"start":{"line":149,"column":11},"end":{"line":163,"column":5}}],"line":149},"19":{"loc":{"start":{"line":150,"column":6},"end":{"line":162,"column":7}},"type":"if","locations":[{"start":{"line":150,"column":6},"end":{"line":162,"column":7}},{"start":{"line":150,"column":6},"end":{"line":162,"column":7}}],"line":150},"20":{"loc":{"start":{"line":174,"column":4},"end":{"line":174,"column":36}},"type":"if","locations":[{"start":{"line":174,"column":4},"end":{"line":174,"column":36}},{"start":{"line":174,"column":4},"end":{"line":174,"column":36}}],"line":174},"21":{"loc":{"start":{"line":175,"column":4},"end":{"line":175,"column":36}},"type":"if","locations":[{"start":{"line":175,"column":4},"end":{"line":175,"column":36}},{"start":{"line":175,"column":4},"end":{"line":175,"column":36}}],"line":175},"22":{"loc":{"start":{"line":183,"column":4},"end":{"line":183,"column":53}},"type":"if","locations":[{"start":{"line":183,"column":4},"end":{"line":183,"column":53}},{"start":{"line":183,"column":4},"end":{"line":183,"column":53}}],"line":183}},"s":{"0":1,"1":1,"2":1,"3":1,"4":1,"5":1,"6":1,"7":1,"8":1,"9":1,"10":1,"11":1,"12":1,"13":1,"14":1,"15":1,"16":1,"17":1,"18":0,"19":0,"20":1,"21":1,"22":0,"23":0,"24":1,"25":1,"26":0,"27":0,"28":1,"29":1,"30":1,"31":1,"32":1,"33":1,"34":1,"35":1,"36":0,"37":1,"38":1,"39":0,"40":0,"41":0,"42":1,"43":1,"44":1,"45":1,"46":1,"47":31,"48":31,"49":31,"50":0,"51":0,"52":0,"53":0,"54":0,"55":0,"56":0,"57":0,"58":0,"59":0,"60":0,"61":0,"62":0,"63":0,"64":0,"65":0,"66":0,"67":0,"68":0,"69":0,"70":0,"71":0,"72":0,"73":0,"74":0,"75":0,"76":0,"77":0,"78":0,"79":0,"80":0,"81":0,"82":0,"83":0,"84":0,"85":0,"86":0,"87":0,"88":0,"89":0,"90":0,"91":0,"92":0,"93":0,"94":0,"95":0,"96":0,"97":0,"98":0,"99":0,"100":4,"101":4,"102":4,"103":2,"104":4,"105":0,"106":4,"107":6,"108":6,"109":0,"110":0,"111":0,"112":1},"f":{"0":1,"1":1,"2":1,"3":1,"4":31,"5":0,"6":0,"7":0,"8":0,"9":0,"10":4,"11":0,"12":6,"13":1},"b":{"0":[1,0],"1":[0,1],"2":[0,1],"3":[0,1],"4":[0,1],"5":[1,1,1],"6":[1,0],"7":[0,0],"8":[1,0],"9":[1,1],"10":[30,1],"11":[0,0],"12":[0,0],"13":[0,0],"14":[0,0],"15":[0,0],"16":[0,0],"17":[0,0],"18":[0,0],"19":[0,0],"20":[4,0],"21":[2,2],"22":[6,0]},"_coverageSchema":"332fd63041d2c1bcb487cc26dd0d5f7d97098a6c","hash":"23510a4fa68b03e6a1ee2486285104c05ba301fe"}
,"/Users/gregorywilliams1/welp/welp-review/client/dropdown.jsx": {"path":"/Users/gregorywilliams1/welp/welp-review/client/dropdown.jsx","statementMap":{"0":{"start":{"line":5,"column":4},"end":{"line":5,"column":17}},"1":{"start":{"line":6,"column":4},"end":{"line":6,"column":41}},"2":{"start":{"line":7,"column":4},"end":{"line":10,"column":6}},"3":{"start":{"line":14,"column":4},"end":{"line":18,"column":5}},"4":{"start":{"line":15,"column":6},"end":{"line":15,"column":103}},"5":{"start":{"line":17,"column":6},"end":{"line":17,"column":93}},"6":{"start":{"line":22,"column":4},"end":{"line":22,"column":31}},"7":{"start":{"line":26,"column":4},"end":{"line":55,"column":6}},"8":{"start":{"line":30,"column":101},"end":{"line":30,"column":146}},"9":{"start":{"line":47,"column":64},"end":{"line":47,"column":330}},"10":{"start":{"line":59,"column":21},"end":{"line":65,"column":1}},"11":{"start":{"line":60,"column":2},"end":{"line":64,"column":7}},"12":{"start":{"line":61,"column":56},"end":{"line":61,"column":103}},"13":{"start":{"line":61,"column":104},"end":{"line":61,"column":144}}},"fnMap":{"0":{"name":"(anonymous_0)","decl":{"start":{"line":4,"column":2},"end":{"line":4,"column":3}},"loc":{"start":{"line":4,"column":21},"end":{"line":11,"column":3}},"line":4},"1":{"name":"(anonymous_1)","decl":{"start":{"line":13,"column":2},"end":{"line":13,"column":3}},"loc":{"start":{"line":13,"column":26},"end":{"line":19,"column":3}},"line":13},"2":{"name":"(anonymous_2)","decl":{"start":{"line":21,"column":2},"end":{"line":21,"column":3}},"loc":{"start":{"line":21,"column":20},"end":{"line":23,"column":3}},"line":21},"3":{"name":"(anonymous_3)","decl":{"start":{"line":25,"column":2},"end":{"line":25,"column":3}},"loc":{"start":{"line":25,"column":16},"end":{"line":56,"column":3}},"line":25},"4":{"name":"(anonymous_4)","decl":{"start":{"line":30,"column":94},"end":{"line":30,"column":95}},"loc":{"start":{"line":30,"column":100},"end":{"line":30,"column":147}},"line":30},"5":{"name":"(anonymous_5)","decl":{"start":{"line":47,"column":47},"end":{"line":47,"column":48}},"loc":{"start":{"line":47,"column":64},"end":{"line":47,"column":330}},"line":47},"6":{"name":"(anonymous_6)","decl":{"start":{"line":59,"column":21},"end":{"line":59,"column":22}},"loc":{"start":{"line":60,"column":2},"end":{"line":64,"column":7}},"line":60},"7":{"name":"(anonymous_7)","decl":{"start":{"line":61,"column":48},"end":{"line":61,"column":49}},"loc":{"start":{"line":61,"column":54},"end":{"line":61,"column":146}},"line":61}},"branchMap":{"0":{"loc":{"start":{"line":14,"column":4},"end":{"line":18,"column":5}},"type":"if","locations":[{"start":{"line":14,"column":4},"end":{"line":18,"column":5}},{"start":{"line":14,"column":4},"end":{"line":18,"column":5}}],"line":14},"1":{"loc":{"start":{"line":47,"column":137},"end":{"line":47,"column":326}},"type":"cond-expr","locations":[{"start":{"line":47,"column":175},"end":{"line":47,"column":255}},{"start":{"line":47,"column":258},"end":{"line":47,"column":326}}],"line":47}},"s":{"0":2,"1":2,"2":2,"3":0,"4":0,"5":0,"6":0,"7":4,"8":0,"9":14,"10":1,"11":14,"12":0,"13":0},"f":{"0":2,"1":0,"2":0,"3":4,"4":0,"5":14,"6":14,"7":0},"b":{"0":[0,0],"1":[4,10]},"_coverageSchema":"332fd63041d2c1bcb487cc26dd0d5f7d97098a6c","hash":"646227708b23d5e5fca41c68457ffaf3e4b77b76"}
,"/Users/gregorywilliams1/welp/welp-review/client/index.jsx": {"path":"/Users/gregorywilliams1/welp/welp-review/client/index.jsx","statementMap":{"0":{"start":{"line":9,"column":20},"end":{"line":9,"column":43}},"1":{"start":{"line":13,"column":4},"end":{"line":13,"column":17}},"2":{"start":{"line":14,"column":4},"end":{"line":14,"column":23}},"3":{"start":{"line":15,"column":4},"end":{"line":15,"column":41}},"4":{"start":{"line":16,"column":4},"end":{"line":16,"column":37}},"5":{"start":{"line":17,"column":4},"end":{"line":24,"column":6}},"6":{"start":{"line":30,"column":19},"end":{"line":30,"column":53}},"7":{"start":{"line":31,"column":4},"end":{"line":31,"column":26}},"8":{"start":{"line":32,"column":4},"end":{"line":32,"column":24}},"9":{"start":{"line":33,"column":4},"end":{"line":33,"column":30}},"10":{"start":{"line":34,"column":4},"end":{"line":55,"column":5}},"11":{"start":{"line":35,"column":6},"end":{"line":35,"column":24}},"12":{"start":{"line":36,"column":6},"end":{"line":36,"column":40}},"13":{"start":{"line":37,"column":6},"end":{"line":37,"column":28}},"14":{"start":{"line":38,"column":6},"end":{"line":42,"column":9}},"15":{"start":{"line":43,"column":6},"end":{"line":43,"column":49}},"16":{"start":{"line":45,"column":8},"end":{"line":45,"column":29}},"17":{"start":{"line":46,"column":8},"end":{"line":46,"column":32}},"18":{"start":{"line":47,"column":8},"end":{"line":47,"column":45}},"19":{"start":{"line":48,"column":8},"end":{"line":48,"column":33}},"20":{"start":{"line":49,"column":8},"end":{"line":54,"column":11}},"21":{"start":{"line":59,"column":20},"end":{"line":59,"column":24}},"22":{"start":{"line":60,"column":19},"end":{"line":60,"column":53}},"23":{"start":{"line":61,"column":4},"end":{"line":61,"column":59}},"24":{"start":{"line":61,"column":28},"end":{"line":61,"column":57}},"25":{"start":{"line":62,"column":4},"end":{"line":62,"column":55}},"26":{"start":{"line":62,"column":30},"end":{"line":62,"column":53}},"27":{"start":{"line":63,"column":4},"end":{"line":63,"column":55}},"28":{"start":{"line":63,"column":30},"end":{"line":63,"column":53}},"29":{"start":{"line":64,"column":20},"end":{"line":64,"column":55}},"30":{"start":{"line":65,"column":4},"end":{"line":65,"column":56}},"31":{"start":{"line":65,"column":26},"end":{"line":65,"column":54}},"32":{"start":{"line":66,"column":4},"end":{"line":76,"column":7}},"33":{"start":{"line":70,"column":8},"end":{"line":73,"column":11}},"34":{"start":{"line":80,"column":4},"end":{"line":80,"column":67}},"35":{"start":{"line":84,"column":4},"end":{"line":86,"column":7}},"36":{"start":{"line":87,"column":4},"end":{"line":87,"column":55}},"37":{"start":{"line":91,"column":4},"end":{"line":102,"column":6}}},"fnMap":{"0":{"name":"(anonymous_0)","decl":{"start":{"line":12,"column":2},"end":{"line":12,"column":3}},"loc":{"start":{"line":12,"column":21},"end":{"line":25,"column":3}},"line":12},"1":{"name":"(anonymous_1)","decl":{"start":{"line":27,"column":2},"end":{"line":27,"column":3}},"loc":{"start":{"line":27,"column":22},"end":{"line":56,"column":3}},"line":27},"2":{"name":"(anonymous_2)","decl":{"start":{"line":58,"column":2},"end":{"line":58,"column":3}},"loc":{"start":{"line":58,"column":48},"end":{"line":77,"column":3}},"line":58},"3":{"name":"(anonymous_3)","decl":{"start":{"line":69,"column":15},"end":{"line":69,"column":16}},"loc":{"start":{"line":69,"column":25},"end":{"line":74,"column":7}},"line":69},"4":{"name":"(anonymous_4)","decl":{"start":{"line":79,"column":2},"end":{"line":79,"column":3}},"loc":{"start":{"line":79,"column":18},"end":{"line":81,"column":3}},"line":79},"5":{"name":"(anonymous_5)","decl":{"start":{"line":83,"column":2},"end":{"line":83,"column":3}},"loc":{"start":{"line":83,"column":15},"end":{"line":88,"column":3}},"line":83},"6":{"name":"(anonymous_6)","decl":{"start":{"line":90,"column":2},"end":{"line":90,"column":3}},"loc":{"start":{"line":90,"column":11},"end":{"line":103,"column":3}},"line":90}},"branchMap":{"0":{"loc":{"start":{"line":34,"column":4},"end":{"line":55,"column":5}},"type":"if","locations":[{"start":{"line":34,"column":4},"end":{"line":55,"column":5}},{"start":{"line":34,"column":4},"end":{"line":55,"column":5}}],"line":34},"1":{"loc":{"start":{"line":58,"column":34},"end":{"line":58,"column":46}},"type":"default-arg","locations":[{"start":{"line":58,"column":44},"end":{"line":58,"column":46}}],"line":58},"2":{"loc":{"start":{"line":61,"column":4},"end":{"line":61,"column":59}},"type":"if","locations":[{"start":{"line":61,"column":4},"end":{"line":61,"column":59}},{"start":{"line":61,"column":4},"end":{"line":61,"column":59}}],"line":61},"3":{"loc":{"start":{"line":62,"column":4},"end":{"line":62,"column":55}},"type":"if","locations":[{"start":{"line":62,"column":4},"end":{"line":62,"column":55}},{"start":{"line":62,"column":4},"end":{"line":62,"column":55}}],"line":62},"4":{"loc":{"start":{"line":63,"column":4},"end":{"line":63,"column":55}},"type":"if","locations":[{"start":{"line":63,"column":4},"end":{"line":63,"column":55}},{"start":{"line":63,"column":4},"end":{"line":63,"column":55}}],"line":63},"5":{"loc":{"start":{"line":65,"column":4},"end":{"line":65,"column":56}},"type":"if","locations":[{"start":{"line":65,"column":4},"end":{"line":65,"column":56}},{"start":{"line":65,"column":4},"end":{"line":65,"column":56}}],"line":65}},"s":{"0":1,"1":1,"2":1,"3":1,"4":1,"5":1,"6":1,"7":1,"8":1,"9":1,"10":1,"11":0,"12":0,"13":0,"14":0,"15":0,"16":1,"17":1,"18":1,"19":1,"20":1,"21":0,"22":0,"23":0,"24":0,"25":0,"26":0,"27":0,"28":0,"29":0,"30":0,"31":0,"32":0,"33":0,"34":0,"35":0,"36":0,"37":2},"f":{"0":1,"1":1,"2":0,"3":0,"4":0,"5":0,"6":2},"b":{"0":[0,1],"1":[0],"2":[0,0],"3":[0,0],"4":[0,0],"5":[0,0]},"_coverageSchema":"332fd63041d2c1bcb487cc26dd0d5f7d97098a6c","hash":"5d134cae5b397077993c685a1dac6cbce76720f5"}
,"/Users/gregorywilliams1/welp/welp-review/db/index.js": {"path":"/Users/gregorywilliams1/welp/welp-review/db/index.js","statementMap":{"0":{"start":{"line":1,"column":17},"end":{"line":1,"column":36}},"1":{"start":{"line":3,"column":17},"end":{"line":41,"column":1}},"2":{"start":{"line":4,"column":2},"end":{"line":4,"column":47}},"3":{"start":{"line":5,"column":25},"end":{"line":5,"column":33}},"4":{"start":{"line":7,"column":2},"end":{"line":7,"column":75}},"5":{"start":{"line":8,"column":2},"end":{"line":40,"column":5}},"6":{"start":{"line":9,"column":4},"end":{"line":39,"column":7}},"7":{"start":{"line":10,"column":21},"end":{"line":10,"column":23}},"8":{"start":{"line":11,"column":6},"end":{"line":15,"column":7}},"9":{"start":{"line":12,"column":8},"end":{"line":12,"column":98}},"10":{"start":{"line":14,"column":8},"end":{"line":14,"column":66}},"11":{"start":{"line":17,"column":29},"end":{"line":17,"column":93}},"12":{"start":{"line":18,"column":21},"end":{"line":18,"column":55}},"13":{"start":{"line":20,"column":6},"end":{"line":38,"column":9}},"14":{"start":{"line":21,"column":8},"end":{"line":37,"column":9}},"15":{"start":{"line":22,"column":10},"end":{"line":22,"column":31}},"16":{"start":{"line":24,"column":10},"end":{"line":35,"column":11}},"17":{"start":{"line":25,"column":25},"end":{"line":25,"column":49}},"18":{"start":{"line":26,"column":12},"end":{"line":26,"column":32}},"19":{"start":{"line":28,"column":28},"end":{"line":28,"column":35}},"20":{"start":{"line":29,"column":12},"end":{"line":33,"column":13}},"21":{"start":{"line":30,"column":14},"end":{"line":30,"column":70}},"22":{"start":{"line":32,"column":14},"end":{"line":32,"column":45}},"23":{"start":{"line":34,"column":12},"end":{"line":34,"column":34}},"24":{"start":{"line":36,"column":10},"end":{"line":36,"column":31}},"25":{"start":{"line":43,"column":15},"end":{"line":93,"column":1}},"26":{"start":{"line":44,"column":2},"end":{"line":44,"column":47}},"27":{"start":{"line":45,"column":25},"end":{"line":45,"column":33}},"28":{"start":{"line":47,"column":18},"end":{"line":47,"column":20}},"29":{"start":{"line":48,"column":18},"end":{"line":48,"column":20}},"30":{"start":{"line":49,"column":2},"end":{"line":91,"column":3}},"31":{"start":{"line":50,"column":4},"end":{"line":50,"column":47}},"32":{"start":{"line":51,"column":4},"end":{"line":51,"column":63}},"33":{"start":{"line":52,"column":23},"end":{"line":52,"column":25}},"34":{"start":{"line":53,"column":4},"end":{"line":59,"column":5}},"35":{"start":{"line":54,"column":6},"end":{"line":54,"column":110}},"36":{"start":{"line":55,"column":11},"end":{"line":59,"column":5}},"37":{"start":{"line":56,"column":6},"end":{"line":56,"column":114}},"38":{"start":{"line":57,"column":11},"end":{"line":59,"column":5}},"39":{"start":{"line":58,"column":6},"end":{"line":58,"column":112}},"40":{"start":{"line":60,"column":4},"end":{"line":60,"column":77}},"41":{"start":{"line":61,"column":4},"end":{"line":73,"column":8}},"42":{"start":{"line":62,"column":6},"end":{"line":72,"column":11}},"43":{"start":{"line":63,"column":8},"end":{"line":71,"column":12}},"44":{"start":{"line":66,"column":12},"end":{"line":70,"column":13}},"45":{"start":{"line":67,"column":14},"end":{"line":67,"column":35}},"46":{"start":{"line":69,"column":14},"end":{"line":69,"column":37}},"47":{"start":{"line":75,"column":4},"end":{"line":75,"column":48}},"48":{"start":{"line":76,"column":4},"end":{"line":76,"column":63}},"49":{"start":{"line":77,"column":4},"end":{"line":77,"column":77}},"50":{"start":{"line":78,"column":4},"end":{"line":90,"column":8}},"51":{"start":{"line":79,"column":6},"end":{"line":89,"column":11}},"52":{"start":{"line":80,"column":8},"end":{"line":88,"column":12}},"53":{"start":{"line":83,"column":12},"end":{"line":87,"column":13}},"54":{"start":{"line":84,"column":14},"end":{"line":84,"column":35}},"55":{"start":{"line":86,"column":14},"end":{"line":86,"column":37}},"56":{"start":{"line":95,"column":0},"end":{"line":95,"column":35}},"57":{"start":{"line":96,"column":0},"end":{"line":96,"column":31}}},"fnMap":{"0":{"name":"(anonymous_0)","decl":{"start":{"line":3,"column":17},"end":{"line":3,"column":18}},"loc":{"start":{"line":3,"column":56},"end":{"line":41,"column":1}},"line":3},"1":{"name":"(anonymous_1)","decl":{"start":{"line":8,"column":26},"end":{"line":8,"column":27}},"loc":{"start":{"line":8,"column":32},"end":{"line":40,"column":3}},"line":8},"2":{"name":"(anonymous_2)","decl":{"start":{"line":9,"column":40},"end":{"line":9,"column":41}},"loc":{"start":{"line":9,"column":61},"end":{"line":39,"column":5}},"line":9},"3":{"name":"(anonymous_3)","decl":{"start":{"line":20,"column":53},"end":{"line":20,"column":54}},"loc":{"start":{"line":20,"column":69},"end":{"line":38,"column":7}},"line":20},"4":{"name":"(anonymous_4)","decl":{"start":{"line":43,"column":15},"end":{"line":43,"column":16}},"loc":{"start":{"line":43,"column":66},"end":{"line":93,"column":1}},"line":43},"5":{"name":"(anonymous_5)","decl":{"start":{"line":61,"column":28},"end":{"line":61,"column":29}},"loc":{"start":{"line":61,"column":34},"end":{"line":73,"column":7}},"line":61},"6":{"name":"(anonymous_6)","decl":{"start":{"line":62,"column":42},"end":{"line":62,"column":43}},"loc":{"start":{"line":62,"column":63},"end":{"line":72,"column":9}},"line":62},"7":{"name":"(anonymous_7)","decl":{"start":{"line":65,"column":10},"end":{"line":65,"column":11}},"loc":{"start":{"line":65,"column":28},"end":{"line":71,"column":11}},"line":65},"8":{"name":"(anonymous_8)","decl":{"start":{"line":78,"column":28},"end":{"line":78,"column":29}},"loc":{"start":{"line":78,"column":34},"end":{"line":90,"column":7}},"line":78},"9":{"name":"(anonymous_9)","decl":{"start":{"line":79,"column":42},"end":{"line":79,"column":43}},"loc":{"start":{"line":79,"column":63},"end":{"line":89,"column":9}},"line":79},"10":{"name":"(anonymous_10)","decl":{"start":{"line":82,"column":10},"end":{"line":82,"column":11}},"loc":{"start":{"line":82,"column":28},"end":{"line":88,"column":11}},"line":82}},"branchMap":{"0":{"loc":{"start":{"line":11,"column":6},"end":{"line":15,"column":7}},"type":"if","locations":[{"start":{"line":11,"column":6},"end":{"line":15,"column":7}},{"start":{"line":11,"column":6},"end":{"line":15,"column":7}}],"line":11},"1":{"loc":{"start":{"line":21,"column":8},"end":{"line":37,"column":9}},"type":"if","locations":[{"start":{"line":21,"column":8},"end":{"line":37,"column":9}},{"start":{"line":21,"column":8},"end":{"line":37,"column":9}}],"line":21},"2":{"loc":{"start":{"line":29,"column":12},"end":{"line":33,"column":13}},"type":"if","locations":[{"start":{"line":29,"column":12},"end":{"line":33,"column":13}},{"start":{"line":29,"column":12},"end":{"line":33,"column":13}}],"line":29},"3":{"loc":{"start":{"line":49,"column":2},"end":{"line":91,"column":3}},"type":"if","locations":[{"start":{"line":49,"column":2},"end":{"line":91,"column":3}},{"start":{"line":49,"column":2},"end":{"line":91,"column":3}}],"line":49},"4":{"loc":{"start":{"line":53,"column":4},"end":{"line":59,"column":5}},"type":"if","locations":[{"start":{"line":53,"column":4},"end":{"line":59,"column":5}},{"start":{"line":53,"column":4},"end":{"line":59,"column":5}}],"line":53},"5":{"loc":{"start":{"line":55,"column":11},"end":{"line":59,"column":5}},"type":"if","locations":[{"start":{"line":55,"column":11},"end":{"line":59,"column":5}},{"start":{"line":55,"column":11},"end":{"line":59,"column":5}}],"line":55},"6":{"loc":{"start":{"line":57,"column":11},"end":{"line":59,"column":5}},"type":"if","locations":[{"start":{"line":57,"column":11},"end":{"line":59,"column":5}},{"start":{"line":57,"column":11},"end":{"line":59,"column":5}}],"line":57},"7":{"loc":{"start":{"line":66,"column":12},"end":{"line":70,"column":13}},"type":"if","locations":[{"start":{"line":66,"column":12},"end":{"line":70,"column":13}},{"start":{"line":66,"column":12},"end":{"line":70,"column":13}}],"line":66},"8":{"loc":{"start":{"line":83,"column":12},"end":{"line":87,"column":13}},"type":"if","locations":[{"start":{"line":83,"column":12},"end":{"line":87,"column":13}},{"start":{"line":83,"column":12},"end":{"line":87,"column":13}}],"line":83}},"s":{"0":1,"1":1,"2":8,"3":8,"4":8,"5":8,"6":8,"7":8,"8":8,"9":2,"10":6,"11":8,"12":8,"13":8,"14":8,"15":0,"16":8,"17":61,"18":61,"19":61,"20":61,"21":0,"22":61,"23":61,"24":8,"25":1,"26":6,"27":6,"28":6,"29":6,"30":6,"31":3,"32":3,"33":3,"34":3,"35":1,"36":2,"37":1,"38":1,"39":1,"40":3,"41":3,"42":3,"43":3,"44":3,"45":0,"46":3,"47":3,"48":3,"49":3,"50":3,"51":3,"52":3,"53":3,"54":0,"55":3,"56":1,"57":1},"f":{"0":8,"1":8,"2":8,"3":8,"4":6,"5":3,"6":3,"7":3,"8":3,"9":3,"10":3},"b":{"0":[2,6],"1":[0,8],"2":[0,61],"3":[3,3],"4":[1,2],"5":[1,1],"6":[1,0],"7":[0,3],"8":[0,3]},"_coverageSchema":"332fd63041d2c1bcb487cc26dd0d5f7d97098a6c","hash":"225a8eaccc7b3f3512b6d60f59abf8b09fce8322"}
,"/Users/gregorywilliams1/welp/welp-review/spec/setupTests.js": {"path":"/Users/gregorywilliams1/welp/welp-review/spec/setupTests.js","statementMap":{"0":{"start":{"line":5,"column":0},"end":{"line":5,"column":45}},"1":{"start":{"line":7,"column":0},"end":{"line":7,"column":25}},"2":{"start":{"line":8,"column":0},"end":{"line":8,"column":23}},"3":{"start":{"line":9,"column":0},"end":{"line":9,"column":21}}},"fnMap":{},"branchMap":{},"s":{"0":4,"1":4,"2":4,"3":4},"f":{},"b":{},"_coverageSchema":"332fd63041d2c1bcb487cc26dd0d5f7d97098a6c","hash":"6cf7e85c53d8f825da5b06f31a1dd1df1da8369a"}
,"/Users/gregorywilliams1/welp/welp-review/spec/sum.js": {"path":"/Users/gregorywilliams1/welp/welp-review/spec/sum.js","statementMap":{"0":{"start":{"line":2,"column":2},"end":{"line":2,"column":15}},"1":{"start":{"line":4,"column":0},"end":{"line":4,"column":21}}},"fnMap":{"0":{"name":"sum","decl":{"start":{"line":1,"column":9},"end":{"line":1,"column":12}},"loc":{"start":{"line":1,"column":19},"end":{"line":3,"column":1}},"line":1}},"branchMap":{},"s":{"0":1,"1":1},"f":{"0":1},"b":{},"_coverageSchema":"332fd63041d2c1bcb487cc26dd0d5f7d97098a6c","hash":"cfa9f3e2d3a6ebf382614a0a3f5eba86f5eec4f9"}
,"/Users/gregorywilliams1/welp/welp-review/spec/data/exampleReview.js": {"path":"/Users/gregorywilliams1/welp/welp-review/spec/data/exampleReview.js","statementMap":{"0":{"start":{"line":1,"column":23},"end":{"line":141,"column":2}}},"fnMap":{},"branchMap":{},"s":{"0":2},"f":{},"b":{},"_coverageSchema":"332fd63041d2c1bcb487cc26dd0d5f7d97098a6c","hash":"5c9aca65d10e6a65dcda472995ed037ac54f6c44"}
,"/Users/gregorywilliams1/welp/welp-review/spec/data/exampleReviewKeywordMatch.js": {"path":"/Users/gregorywilliams1/welp/welp-review/spec/data/exampleReviewKeywordMatch.js","statementMap":{"0":{"start":{"line":2,"column":0},"end":{"line":115,"column":2}}},"fnMap":{},"branchMap":{},"s":{"0":1},"f":{},"b":{},"_coverageSchema":"332fd63041d2c1bcb487cc26dd0d5f7d97098a6c","hash":"5bd7fd4ca6e496640dce0240fa2764f89ddc5e87"}
,"/Users/gregorywilliams1/welp/welp-review/spec/data/exampleReviewSortedDateAsc.js": {"path":"/Users/gregorywilliams1/welp/welp-review/spec/data/exampleReviewSortedDateAsc.js","statementMap":{"0":{"start":{"line":1,"column":22},"end":{"line":229,"column":2}}},"fnMap":{},"branchMap":{},"s":{"0":1},"f":{},"b":{},"_coverageSchema":"332fd63041d2c1bcb487cc26dd0d5f7d97098a6c","hash":"387f5fd3c7919e85a7a4de2c0d08c8312f59c040"}
,"/Users/gregorywilliams1/welp/welp-review/spec/data/exampleReviewSortedDateDesc.js": {"path":"/Users/gregorywilliams1/welp/welp-review/spec/data/exampleReviewSortedDateDesc.js","statementMap":{"0":{"start":{"line":1,"column":30},"end":{"line":229,"column":2}}},"fnMap":{},"branchMap":{},"s":{"0":1},"f":{},"b":{},"_coverageSchema":"332fd63041d2c1bcb487cc26dd0d5f7d97098a6c","hash":"23ccfe27c46d459c334baee54c9b0ad0cc000de0"}
,"/Users/gregorywilliams1/welp/welp-review/spec/data/exampleReviewSortedRateAsc.js": {"path":"/Users/gregorywilliams1/welp/welp-review/spec/data/exampleReviewSortedRateAsc.js","statementMap":{"0":{"start":{"line":1,"column":30},"end":{"line":229,"column":2}}},"fnMap":{},"branchMap":{},"s":{"0":1},"f":{},"b":{},"_coverageSchema":"332fd63041d2c1bcb487cc26dd0d5f7d97098a6c","hash":"aa1d004525b39c6f0489064d317764a9b9eca367"}
,"/Users/gregorywilliams1/welp/welp-review/spec/data/exampleReviewSortedRateDesc.js": {"path":"/Users/gregorywilliams1/welp/welp-review/spec/data/exampleReviewSortedRateDesc.js","statementMap":{"0":{"start":{"line":1,"column":31},"end":{"line":229,"column":2}}},"fnMap":{},"branchMap":{},"s":{"0":1},"f":{},"b":{},"_coverageSchema":"332fd63041d2c1bcb487cc26dd0d5f7d97098a6c","hash":"59668dab6b5a4fa8c684f5a10154c0b7521dab78"}
}
