{"/Users/gregorywilliams1/welp/welp-review/db/index.js": {"path":"/Users/gregorywilliams1/welp/welp-review/db/index.js","statementMap":{"0":{"start":{"line":1,"column":17},"end":{"line":1,"column":36}},"1":{"start":{"line":3,"column":17},"end":{"line":41,"column":1}},"2":{"start":{"line":4,"column":2},"end":{"line":4,"column":47}},"3":{"start":{"line":5,"column":25},"end":{"line":5,"column":33}},"4":{"start":{"line":7,"column":2},"end":{"line":7,"column":75}},"5":{"start":{"line":8,"column":2},"end":{"line":40,"column":5}},"6":{"start":{"line":9,"column":4},"end":{"line":39,"column":7}},"7":{"start":{"line":10,"column":21},"end":{"line":10,"column":23}},"8":{"start":{"line":11,"column":6},"end":{"line":15,"column":7}},"9":{"start":{"line":12,"column":8},"end":{"line":12,"column":98}},"10":{"start":{"line":14,"column":8},"end":{"line":14,"column":66}},"11":{"start":{"line":17,"column":29},"end":{"line":17,"column":93}},"12":{"start":{"line":18,"column":21},"end":{"line":18,"column":55}},"13":{"start":{"line":20,"column":6},"end":{"line":38,"column":9}},"14":{"start":{"line":21,"column":8},"end":{"line":37,"column":9}},"15":{"start":{"line":22,"column":10},"end":{"line":22,"column":31}},"16":{"start":{"line":24,"column":10},"end":{"line":35,"column":11}},"17":{"start":{"line":25,"column":25},"end":{"line":25,"column":49}},"18":{"start":{"line":26,"column":12},"end":{"line":26,"column":32}},"19":{"start":{"line":28,"column":28},"end":{"line":28,"column":35}},"20":{"start":{"line":29,"column":12},"end":{"line":33,"column":13}},"21":{"start":{"line":30,"column":14},"end":{"line":30,"column":70}},"22":{"start":{"line":32,"column":14},"end":{"line":32,"column":45}},"23":{"start":{"line":34,"column":12},"end":{"line":34,"column":34}},"24":{"start":{"line":36,"column":10},"end":{"line":36,"column":31}},"25":{"start":{"line":43,"column":15},"end":{"line":63,"column":1}},"26":{"start":{"line":44,"column":2},"end":{"line":44,"column":47}},"27":{"start":{"line":45,"column":25},"end":{"line":45,"column":33}},"28":{"start":{"line":47,"column":20},"end":{"line":47,"column":50}},"29":{"start":{"line":49,"column":2},"end":{"line":49,"column":75}},"30":{"start":{"line":50,"column":2},"end":{"line":62,"column":6}},"31":{"start":{"line":51,"column":4},"end":{"line":61,"column":9}},"32":{"start":{"line":52,"column":6},"end":{"line":60,"column":10}},"33":{"start":{"line":55,"column":10},"end":{"line":59,"column":11}},"34":{"start":{"line":56,"column":12},"end":{"line":56,"column":33}},"35":{"start":{"line":58,"column":12},"end":{"line":58,"column":35}},"36":{"start":{"line":65,"column":0},"end":{"line":65,"column":35}},"37":{"start":{"line":66,"column":0},"end":{"line":66,"column":31}}},"fnMap":{"0":{"name":"(anonymous_0)","decl":{"start":{"line":3,"column":17},"end":{"line":3,"column":18}},"loc":{"start":{"line":3,"column":56},"end":{"line":41,"column":1}},"line":3},"1":{"name":"(anonymous_1)","decl":{"start":{"line":8,"column":26},"end":{"line":8,"column":27}},"loc":{"start":{"line":8,"column":32},"end":{"line":40,"column":3}},"line":8},"2":{"name":"(anonymous_2)","decl":{"start":{"line":9,"column":40},"end":{"line":9,"column":41}},"loc":{"start":{"line":9,"column":61},"end":{"line":39,"column":5}},"line":9},"3":{"name":"(anonymous_3)","decl":{"start":{"line":20,"column":53},"end":{"line":20,"column":54}},"loc":{"start":{"line":20,"column":69},"end":{"line":38,"column":7}},"line":20},"4":{"name":"(anonymous_4)","decl":{"start":{"line":43,"column":15},"end":{"line":43,"column":16}},"loc":{"start":{"line":43,"column":47},"end":{"line":63,"column":1}},"line":43},"5":{"name":"(anonymous_5)","decl":{"start":{"line":50,"column":26},"end":{"line":50,"column":27}},"loc":{"start":{"line":50,"column":32},"end":{"line":62,"column":5}},"line":50},"6":{"name":"(anonymous_6)","decl":{"start":{"line":51,"column":40},"end":{"line":51,"column":41}},"loc":{"start":{"line":51,"column":61},"end":{"line":61,"column":7}},"line":51},"7":{"name":"(anonymous_7)","decl":{"start":{"line":54,"column":8},"end":{"line":54,"column":9}},"loc":{"start":{"line":54,"column":26},"end":{"line":60,"column":9}},"line":54}},"branchMap":{"0":{"loc":{"start":{"line":11,"column":6},"end":{"line":15,"column":7}},"type":"if","locations":[{"start":{"line":11,"column":6},"end":{"line":15,"column":7}},{"start":{"line":11,"column":6},"end":{"line":15,"column":7}}],"line":11},"1":{"loc":{"start":{"line":21,"column":8},"end":{"line":37,"column":9}},"type":"if","locations":[{"start":{"line":21,"column":8},"end":{"line":37,"column":9}},{"start":{"line":21,"column":8},"end":{"line":37,"column":9}}],"line":21},"2":{"loc":{"start":{"line":29,"column":12},"end":{"line":33,"column":13}},"type":"if","locations":[{"start":{"line":29,"column":12},"end":{"line":33,"column":13}},{"start":{"line":29,"column":12},"end":{"line":33,"column":13}}],"line":29},"3":{"loc":{"start":{"line":55,"column":10},"end":{"line":59,"column":11}},"type":"if","locations":[{"start":{"line":55,"column":10},"end":{"line":59,"column":11}},{"start":{"line":55,"column":10},"end":{"line":59,"column":11}}],"line":55}},"s":{"0":1,"1":1,"2":8,"3":8,"4":8,"5":8,"6":8,"7":8,"8":8,"9":2,"10":6,"11":8,"12":8,"13":8,"14":8,"15":0,"16":8,"17":61,"18":61,"19":61,"20":61,"21":0,"22":61,"23":61,"24":8,"25":1,"26":0,"27":0,"28":0,"29":0,"30":0,"31":0,"32":0,"33":0,"34":0,"35":0,"36":1,"37":1},"f":{"0":8,"1":8,"2":8,"3":8,"4":0,"5":0,"6":0,"7":0},"b":{"0":[2,6],"1":[0,8],"2":[0,61],"3":[0,0]},"_coverageSchema":"332fd63041d2c1bcb487cc26dd0d5f7d97098a6c","hash":"e673e60b4f34bd5b3b3ab8a7e10f9619382995cf"}
,"/Users/gregorywilliams1/welp/welp-review/spec/setupTests.js": {"path":"/Users/gregorywilliams1/welp/welp-review/spec/setupTests.js","statementMap":{"0":{"start":{"line":5,"column":0},"end":{"line":5,"column":45}},"1":{"start":{"line":7,"column":0},"end":{"line":7,"column":25}},"2":{"start":{"line":8,"column":0},"end":{"line":8,"column":23}},"3":{"start":{"line":9,"column":0},"end":{"line":9,"column":21}}},"fnMap":{},"branchMap":{},"s":{"0":3,"1":3,"2":3,"3":3},"f":{},"b":{},"_coverageSchema":"332fd63041d2c1bcb487cc26dd0d5f7d97098a6c","hash":"6cf7e85c53d8f825da5b06f31a1dd1df1da8369a"}
,"/Users/gregorywilliams1/welp/welp-review/spec/sum.js": {"path":"/Users/gregorywilliams1/welp/welp-review/spec/sum.js","statementMap":{"0":{"start":{"line":2,"column":2},"end":{"line":2,"column":15}},"1":{"start":{"line":4,"column":0},"end":{"line":4,"column":21}}},"fnMap":{"0":{"name":"sum","decl":{"start":{"line":1,"column":9},"end":{"line":1,"column":12}},"loc":{"start":{"line":1,"column":19},"end":{"line":3,"column":1}},"line":1}},"branchMap":{},"s":{"0":1,"1":1},"f":{"0":1},"b":{},"_coverageSchema":"332fd63041d2c1bcb487cc26dd0d5f7d97098a6c","hash":"cfa9f3e2d3a6ebf382614a0a3f5eba86f5eec4f9"}
,"/Users/gregorywilliams1/welp/welp-review/spec/data/exampleReview.js": {"path":"/Users/gregorywilliams1/welp/welp-review/spec/data/exampleReview.js","statementMap":{"0":{"start":{"line":1,"column":23},"end":{"line":145,"column":1}}},"fnMap":{},"branchMap":{},"s":{"0":1},"f":{},"b":{},"_coverageSchema":"332fd63041d2c1bcb487cc26dd0d5f7d97098a6c","hash":"fcbc456622adad9fe19e08eeb0e648d86d674780"}
,"/Users/gregorywilliams1/welp/welp-review/spec/data/exampleReviewKeywordMatch.js": {"path":"/Users/gregorywilliams1/welp/welp-review/spec/data/exampleReviewKeywordMatch.js","statementMap":{"0":{"start":{"line":2,"column":0},"end":{"line":115,"column":2}}},"fnMap":{},"branchMap":{},"s":{"0":1},"f":{},"b":{},"_coverageSchema":"332fd63041d2c1bcb487cc26dd0d5f7d97098a6c","hash":"5bd7fd4ca6e496640dce0240fa2764f89ddc5e87"}
,"/Users/gregorywilliams1/welp/welp-review/spec/data/exampleReviewSortedDateAsc.js": {"path":"/Users/gregorywilliams1/welp/welp-review/spec/data/exampleReviewSortedDateAsc.js","statementMap":{"0":{"start":{"line":1,"column":22},"end":{"line":228,"column":2}}},"fnMap":{},"branchMap":{},"s":{"0":1},"f":{},"b":{},"_coverageSchema":"332fd63041d2c1bcb487cc26dd0d5f7d97098a6c","hash":"b9ca1cc69952ff2c8b7741c9630cee6790149e1a"}
,"/Users/gregorywilliams1/welp/welp-review/spec/data/exampleReviewSortedDateDesc.js": {"path":"/Users/gregorywilliams1/welp/welp-review/spec/data/exampleReviewSortedDateDesc.js","statementMap":{"0":{"start":{"line":1,"column":30},"end":{"line":229,"column":2}}},"fnMap":{},"branchMap":{},"s":{"0":1},"f":{},"b":{},"_coverageSchema":"332fd63041d2c1bcb487cc26dd0d5f7d97098a6c","hash":"23ccfe27c46d459c334baee54c9b0ad0cc000de0"}
,"/Users/gregorywilliams1/welp/welp-review/spec/data/exampleReviewSortedRateAsc.js": {"path":"/Users/gregorywilliams1/welp/welp-review/spec/data/exampleReviewSortedRateAsc.js","statementMap":{"0":{"start":{"line":1,"column":30},"end":{"line":229,"column":2}}},"fnMap":{},"branchMap":{},"s":{"0":1},"f":{},"b":{},"_coverageSchema":"332fd63041d2c1bcb487cc26dd0d5f7d97098a6c","hash":"aa1d004525b39c6f0489064d317764a9b9eca367"}
,"/Users/gregorywilliams1/welp/welp-review/spec/data/exampleReviewSortedRateDesc.js": {"path":"/Users/gregorywilliams1/welp/welp-review/spec/data/exampleReviewSortedRateDesc.js","statementMap":{"0":{"start":{"line":1,"column":31},"end":{"line":229,"column":2}}},"fnMap":{},"branchMap":{},"s":{"0":1},"f":{},"b":{},"_coverageSchema":"332fd63041d2c1bcb487cc26dd0d5f7d97098a6c","hash":"59668dab6b5a4fa8c684f5a10154c0b7521dab78"}
}
