TN:
SF:/Users/gregorywilliams1/welp/welp-review/db/index.js
FN:3,(anonymous_0)
FN:8,(anonymous_1)
FN:9,(anonymous_2)
FN:20,(anonymous_3)
FN:43,(anonymous_4)
FN:50,(anonymous_5)
FN:51,(anonymous_6)
FN:54,(anonymous_7)
FNF:8
FNH:4
FNDA:8,(anonymous_0)
FNDA:8,(anonymous_1)
FNDA:8,(anonymous_2)
FNDA:8,(anonymous_3)
FNDA:0,(anonymous_4)
FNDA:0,(anonymous_5)
FNDA:0,(anonymous_6)
FNDA:0,(anonymous_7)
DA:1,1
DA:3,1
DA:4,8
DA:5,8
DA:7,8
DA:8,8
DA:9,8
DA:10,8
DA:11,8
DA:12,2
DA:14,6
DA:17,8
DA:18,8
DA:20,8
DA:21,8
DA:22,0
DA:24,8
DA:25,61
DA:26,61
DA:28,61
DA:29,61
DA:30,0
DA:32,61
DA:34,61
DA:36,8
DA:43,1
DA:44,0
DA:45,0
DA:47,0
DA:49,0
DA:50,0
DA:51,0
DA:52,0
DA:55,0
DA:56,0
DA:58,0
DA:65,1
DA:66,1
LF:38
LH:26
BRDA:11,0,0,2
BRDA:11,0,1,6
BRDA:21,1,0,0
BRDA:21,1,1,8
BRDA:29,2,0,0
BRDA:29,2,1,61
BRDA:55,3,0,0
BRDA:55,3,1,0
BRF:8
BRH:4
end_of_record
TN:
SF:/Users/gregorywilliams1/welp/welp-review/spec/setupTests.js
FNF:0
FNH:0
DA:5,3
DA:7,3
DA:8,3
DA:9,3
LF:4
LH:4
BRF:0
BRH:0
end_of_record
TN:
SF:/Users/gregorywilliams1/welp/welp-review/spec/sum.js
FN:1,sum
FNF:1
FNH:1
FNDA:1,sum
DA:2,1
DA:4,1
LF:2
LH:2
BRF:0
BRH:0
end_of_record
TN:
SF:/Users/gregorywilliams1/welp/welp-review/spec/data/exampleReview.js
FNF:0
FNH:0
DA:1,1
LF:1
LH:1
BRF:0
BRH:0
end_of_record
TN:
SF:/Users/gregorywilliams1/welp/welp-review/spec/data/exampleReviewKeywordMatch.js
FNF:0
FNH:0
DA:2,1
LF:1
LH:1
BRF:0
BRH:0
end_of_record
TN:
SF:/Users/gregorywilliams1/welp/welp-review/spec/data/exampleReviewSortedDateAsc.js
FNF:0
FNH:0
DA:1,1
LF:1
LH:1
BRF:0
BRH:0
end_of_record
TN:
SF:/Users/gregorywilliams1/welp/welp-review/spec/data/exampleReviewSortedDateDesc.js
FNF:0
FNH:0
DA:1,1
LF:1
LH:1
BRF:0
BRH:0
end_of_record
TN:
SF:/Users/gregorywilliams1/welp/welp-review/spec/data/exampleReviewSortedRateAsc.js
FNF:0
FNH:0
DA:1,1
LF:1
LH:1
BRF:0
BRH:0
end_of_record
TN:
SF:/Users/gregorywilliams1/welp/welp-review/spec/data/exampleReviewSortedRateDesc.js
FNF:0
FNH:0
DA:1,1
LF:1
LH:1
BRF:0
BRH:0
end_of_record
