TN:
SF:/Users/gregorywilliams1/welp/welp-review/client/ReviewItem.jsx
FN:5,(anonymous_0)
FN:50,(anonymous_1)
FN:58,(anonymous_2)
FNF:3
FNH:3
FNDA:1,(anonymous_0)
FNDA:1,(anonymous_1)
FNDA:1,(anonymous_2)
DA:5,1
DA:6,1
DA:50,1
DA:58,1
DA:59,1
LF:5
LH:5
BRF:0
BRH:0
end_of_record
TN:
SF:/Users/gregorywilliams1/welp/welp-review/client/ReviewList.jsx
FN:4,(anonymous_0)
FN:8,(anonymous_1)
FNF:2
FNH:2
FNDA:2,(anonymous_0)
FNDA:1,(anonymous_1)
DA:4,1
DA:6,2
DA:8,1
LF:3
LH:3
BRF:0
BRH:0
end_of_record
TN:
SF:/Users/gregorywilliams1/welp/welp-review/client/SearchBar.jsx
FN:4,(anonymous_0)
FN:7,(anonymous_1)
FN:10,(anonymous_2)
FNF:3
FNH:1
FNDA:2,(anonymous_0)
FNDA:0,(anonymous_1)
FNDA:0,(anonymous_2)
DA:4,1
DA:5,2
DA:7,0
DA:10,0
LF:4
LH:2
BRF:0
BRH:0
end_of_record
TN:
SF:/Users/gregorywilliams1/welp/welp-review/client/TopReviewBar.jsx
FN:5,(anonymous_0)
FNF:1
FNH:1
FNDA:2,(anonymous_0)
DA:5,1
DA:6,2
LF:2
LH:2
BRF:0
BRH:0
end_of_record
TN:
SF:/Users/gregorywilliams1/welp/welp-review/client/VoteButton.jsx
FN:3,(anonymous_0)
FN:5,(anonymous_1)
FNF:2
FNH:1
FNDA:3,(anonymous_0)
FNDA:0,(anonymous_1)
DA:3,1
DA:4,3
DA:5,0
LF:3
LH:2
BRF:0
BRH:0
end_of_record
TN:
SF:/Users/gregorywilliams1/welp/welp-review/client/VotePanel.jsx
FN:7,(anonymous_0)
FN:16,(anonymous_1)
FN:71,(anonymous_2)
FN:91,(anonymous_3)
FN:96,(anonymous_4)
FN:103,(anonymous_5)
FN:113,(anonymous_6)
FN:119,(anonymous_7)
FN:167,(anonymous_8)
FN:168,(anonymous_9)
FN:173,(anonymous_10)
FN:176,(anonymous_11)
FN:182,(anonymous_12)
FN:189,(anonymous_13)
FNF:14
FNH:8
FNDA:1,(anonymous_0)
FNDA:1,(anonymous_1)
FNDA:1,(anonymous_2)
FNDA:1,(anonymous_3)
FNDA:31,(anonymous_4)
FNDA:0,(anonymous_5)
FNDA:0,(anonymous_6)
FNDA:0,(anonymous_7)
FNDA:0,(anonymous_8)
FNDA:0,(anonymous_9)
FNDA:4,(anonymous_10)
FNDA:0,(anonymous_11)
FNDA:6,(anonymous_12)
FNDA:1,(anonymous_13)
DA:8,1
DA:9,1
DA:10,1
DA:11,1
DA:18,1
DA:20,1
DA:21,1
DA:22,1
DA:23,1
DA:26,1
DA:28,1
DA:29,1
DA:30,1
DA:31,1
DA:32,1
DA:33,1
DA:34,1
DA:35,1
DA:36,0
DA:37,0
DA:39,1
DA:40,1
DA:41,0
DA:42,0
DA:44,1
DA:45,1
DA:46,0
DA:47,0
DA:50,1
DA:52,1
DA:72,1
DA:74,1
DA:75,1
DA:76,1
DA:78,1
DA:79,1
DA:80,0
DA:81,1
DA:82,1
DA:83,0
DA:84,0
DA:86,0
DA:88,1
DA:92,1
DA:93,1
DA:94,1
DA:96,1
DA:97,31
DA:98,31
DA:99,31
DA:104,0
DA:105,0
DA:106,0
DA:107,0
DA:110,0
DA:114,0
DA:115,0
DA:116,0
DA:120,0
DA:121,0
DA:122,0
DA:123,0
DA:124,0
DA:125,0
DA:126,0
DA:127,0
DA:129,0
DA:130,0
DA:131,0
DA:132,0
DA:133,0
DA:135,0
DA:136,0
DA:137,0
DA:138,0
DA:139,0
DA:140,0
DA:141,0
DA:143,0
DA:144,0
DA:145,0
DA:146,0
DA:147,0
DA:149,0
DA:150,0
DA:151,0
DA:152,0
DA:153,0
DA:154,0
DA:155,0
DA:157,0
DA:158,0
DA:159,0
DA:160,0
DA:161,0
DA:165,0
DA:167,0
DA:168,0
DA:174,4
DA:175,4
DA:176,4
DA:177,0
DA:179,4
DA:183,6
DA:184,0
DA:185,0
DA:186,0
DA:190,1
LF:108
LH:46
BRDA:21,0,0,1
BRDA:21,0,1,0
BRDA:35,1,0,0
BRDA:35,1,1,1
BRDA:40,2,0,0
BRDA:40,2,1,1
BRDA:45,3,0,0
BRDA:45,3,1,1
BRDA:79,4,0,0
BRDA:79,4,1,1
BRDA:79,5,0,1
BRDA:79,5,1,1
BRDA:79,5,2,1
BRDA:81,6,0,1
BRDA:81,6,1,0
BRDA:83,7,0,0
BRDA:83,7,1,0
BRDA:93,8,0,1
BRDA:93,8,1,0
BRDA:93,9,0,1
BRDA:93,9,1,1
BRDA:99,10,0,30
BRDA:99,10,1,1
BRDA:104,11,0,0
BRDA:104,11,1,0
BRDA:106,12,0,0
BRDA:106,12,1,0
BRDA:114,13,0,0
BRDA:114,13,1,0
BRDA:121,14,0,0
BRDA:121,14,1,0
BRDA:122,15,0,0
BRDA:122,15,1,0
BRDA:135,16,0,0
BRDA:135,16,1,0
BRDA:136,17,0,0
BRDA:136,17,1,0
BRDA:149,18,0,0
BRDA:149,18,1,0
BRDA:150,19,0,0
BRDA:150,19,1,0
BRDA:174,20,0,4
BRDA:174,20,1,0
BRDA:175,21,0,2
BRDA:175,21,1,2
BRDA:183,22,0,6
BRDA:183,22,1,0
BRF:47
BRH:18
end_of_record
TN:
SF:/Users/gregorywilliams1/welp/welp-review/client/dropdown.jsx
FN:4,(anonymous_0)
FN:13,(anonymous_1)
FN:21,(anonymous_2)
FN:25,(anonymous_3)
FN:30,(anonymous_4)
FN:47,(anonymous_5)
FN:59,(anonymous_6)
FN:61,(anonymous_7)
FNF:8
FNH:4
FNDA:2,(anonymous_0)
FNDA:0,(anonymous_1)
FNDA:0,(anonymous_2)
FNDA:4,(anonymous_3)
FNDA:0,(anonymous_4)
FNDA:14,(anonymous_5)
FNDA:14,(anonymous_6)
FNDA:0,(anonymous_7)
DA:5,2
DA:6,2
DA:7,2
DA:14,0
DA:15,0
DA:17,0
DA:22,0
DA:26,4
DA:30,0
DA:47,14
DA:59,1
DA:60,14
DA:61,0
LF:13
LH:7
BRDA:14,0,0,0
BRDA:14,0,1,0
BRDA:47,1,0,4
BRDA:47,1,1,10
BRF:4
BRH:2
end_of_record
TN:
SF:/Users/gregorywilliams1/welp/welp-review/client/index.jsx
FN:12,(anonymous_0)
FN:27,(anonymous_1)
FN:58,(anonymous_2)
FN:69,(anonymous_3)
FN:79,(anonymous_4)
FN:83,(anonymous_5)
FN:90,(anonymous_6)
FNF:7
FNH:3
FNDA:1,(anonymous_0)
FNDA:1,(anonymous_1)
FNDA:0,(anonymous_2)
FNDA:0,(anonymous_3)
FNDA:0,(anonymous_4)
FNDA:0,(anonymous_5)
FNDA:2,(anonymous_6)
DA:9,1
DA:13,1
DA:14,1
DA:15,1
DA:16,1
DA:17,1
DA:30,1
DA:31,1
DA:32,1
DA:33,1
DA:34,1
DA:35,0
DA:36,0
DA:37,0
DA:38,0
DA:43,0
DA:45,1
DA:46,1
DA:47,1
DA:48,1
DA:49,1
DA:59,0
DA:60,0
DA:61,0
DA:62,0
DA:63,0
DA:64,0
DA:65,0
DA:66,0
DA:70,0
DA:80,0
DA:84,0
DA:87,0
DA:91,2
LF:34
LH:17
BRDA:34,0,0,0
BRDA:34,0,1,1
BRDA:58,1,0,0
BRDA:61,2,0,0
BRDA:61,2,1,0
BRDA:62,3,0,0
BRDA:62,3,1,0
BRDA:63,4,0,0
BRDA:63,4,1,0
BRDA:65,5,0,0
BRDA:65,5,1,0
BRF:11
BRH:1
end_of_record
TN:
SF:/Users/gregorywilliams1/welp/welp-review/db/index.js
FN:3,(anonymous_0)
FN:8,(anonymous_1)
FN:9,(anonymous_2)
FN:20,(anonymous_3)
FN:43,(anonymous_4)
FN:61,(anonymous_5)
FN:62,(anonymous_6)
FN:65,(anonymous_7)
FN:78,(anonymous_8)
FN:79,(anonymous_9)
FN:82,(anonymous_10)
FNF:11
FNH:11
FNDA:8,(anonymous_0)
FNDA:8,(anonymous_1)
FNDA:8,(anonymous_2)
FNDA:8,(anonymous_3)
FNDA:6,(anonymous_4)
FNDA:3,(anonymous_5)
FNDA:3,(anonymous_6)
FNDA:3,(anonymous_7)
FNDA:3,(anonymous_8)
FNDA:3,(anonymous_9)
FNDA:3,(anonymous_10)
DA:1,1
DA:3,1
DA:4,8
DA:5,8
DA:7,8
DA:8,8
DA:9,8
DA:10,8
DA:11,8
DA:12,2
DA:14,6
DA:17,8
DA:18,8
DA:20,8
DA:21,8
DA:22,0
DA:24,8
DA:25,61
DA:26,61
DA:28,61
DA:29,61
DA:30,0
DA:32,61
DA:34,61
DA:36,8
DA:43,1
DA:44,6
DA:45,6
DA:47,6
DA:48,6
DA:49,6
DA:50,3
DA:51,3
DA:52,3
DA:53,3
DA:54,1
DA:55,2
DA:56,1
DA:57,1
DA:58,1
DA:60,3
DA:61,3
DA:62,3
DA:63,3
DA:66,3
DA:67,0
DA:69,3
DA:75,3
DA:76,3
DA:77,3
DA:78,3
DA:79,3
DA:80,3
DA:83,3
DA:84,0
DA:86,3
DA:95,1
DA:96,1
LF:58
LH:54
BRDA:11,0,0,2
BRDA:11,0,1,6
BRDA:21,1,0,0
BRDA:21,1,1,8
BRDA:29,2,0,0
BRDA:29,2,1,61
BRDA:49,3,0,3
BRDA:49,3,1,3
BRDA:53,4,0,1
BRDA:53,4,1,2
BRDA:55,5,0,1
BRDA:55,5,1,1
BRDA:57,6,0,1
BRDA:57,6,1,0
BRDA:66,7,0,0
BRDA:66,7,1,3
BRDA:83,8,0,0
BRDA:83,8,1,3
BRF:18
BRH:13
end_of_record
TN:
SF:/Users/gregorywilliams1/welp/welp-review/spec/setupTests.js
FNF:0
FNH:0
DA:5,4
DA:7,4
DA:8,4
DA:9,4
LF:4
LH:4
BRF:0
BRH:0
end_of_record
TN:
SF:/Users/gregorywilliams1/welp/welp-review/spec/sum.js
FN:1,sum
FNF:1
FNH:1
FNDA:1,sum
DA:2,1
DA:4,1
LF:2
LH:2
BRF:0
BRH:0
end_of_record
TN:
SF:/Users/gregorywilliams1/welp/welp-review/spec/data/exampleReview.js
FNF:0
FNH:0
DA:1,2
LF:1
LH:1
BRF:0
BRH:0
end_of_record
TN:
SF:/Users/gregorywilliams1/welp/welp-review/spec/data/exampleReviewKeywordMatch.js
FNF:0
FNH:0
DA:2,1
LF:1
LH:1
BRF:0
BRH:0
end_of_record
TN:
SF:/Users/gregorywilliams1/welp/welp-review/spec/data/exampleReviewSortedDateAsc.js
FNF:0
FNH:0
DA:1,1
LF:1
LH:1
BRF:0
BRH:0
end_of_record
TN:
SF:/Users/gregorywilliams1/welp/welp-review/spec/data/exampleReviewSortedDateDesc.js
FNF:0
FNH:0
DA:1,1
LF:1
LH:1
BRF:0
BRH:0
end_of_record
TN:
SF:/Users/gregorywilliams1/welp/welp-review/spec/data/exampleReviewSortedRateAsc.js
FNF:0
FNH:0
DA:1,1
LF:1
LH:1
BRF:0
BRH:0
end_of_record
TN:
SF:/Users/gregorywilliams1/welp/welp-review/spec/data/exampleReviewSortedRateDesc.js
FNF:0
FNH:0
DA:1,1
LF:1
LH:1
BRF:0
BRH:0
end_of_record
